mode: atomic
github.com/rlc4u/health-check/internal/service/health.go:18.61,22.2 1 0
github.com/rlc4u/health-check/internal/service/health.go:28.86,35.32 5 0
github.com/rlc4u/health-check/internal/service/health.go:56.2,57.16 2 0
github.com/rlc4u/health-check/internal/service/health.go:35.32,36.24 1 0
github.com/rlc4u/health-check/internal/service/health.go:36.24,41.18 5 0
github.com/rlc4u/health-check/internal/service/health.go:41.18,43.5 1 0
github.com/rlc4u/health-check/internal/service/health.go:43.10,46.19 3 0
github.com/rlc4u/health-check/internal/service/health.go:46.19,51.6 1 0
github.com/rlc4u/health-check/internal/service/health.go:60.62,64.28 3 0
github.com/rlc4u/health-check/internal/service/health.go:67.2,68.22 2 0
github.com/rlc4u/health-check/internal/service/health.go:64.28,66.3 1 0
github.com/rlc4u/health-check/internal/controller/health_controller.go:18.76,22.2 1 0
github.com/rlc4u/health-check/internal/controller/health_controller.go:34.60,38.48 4 0
github.com/rlc4u/health-check/internal/controller/health_controller.go:43.2,46.16 3 0
github.com/rlc4u/health-check/internal/controller/health_controller.go:50.2,50.29 1 0
github.com/rlc4u/health-check/internal/controller/health_controller.go:38.48,41.3 2 0
github.com/rlc4u/health-check/internal/controller/health_controller.go:46.16,48.3 1 0
github.com/rlc4u/health-check/internal/router/router.go:15.32,22.35 6 0
github.com/rlc4u/health-check/internal/router/router.go:29.2,35.10 5 0
github.com/rlc4u/health-check/internal/router/router.go:22.35,27.3 1 0
github.com/rlc4u/health-check/internal/model/model.go:25.60,30.2 1 2
github.com/rlc4u/health-check/pkg/client/client.go:17.29,25.2 2 0
github.com/rlc4u/health-check/pkg/client/client.go:27.66,29.16 2 0
github.com/rlc4u/health-check/pkg/client/client.go:33.2,35.16 3 0
github.com/rlc4u/health-check/pkg/client/client.go:39.2,39.23 1 0
github.com/rlc4u/health-check/pkg/client/client.go:29.16,31.3 1 0
github.com/rlc4u/health-check/pkg/client/client.go:35.16,37.3 1 0
github.com/rlc4u/health-check/pkg/logger/log.go:16.42,18.2 1 0
github.com/rlc4u/health-check/pkg/logger/log.go:20.40,22.2 1 0
github.com/rlc4u/health-check/pkg/logger/log.go:24.28,27.2 2 0
github.com/rlc4u/health-check/pkg/logger/log.go:29.49,32.16 3 0
github.com/rlc4u/health-check/pkg/logger/log.go:35.2,35.31 1 0
github.com/rlc4u/health-check/pkg/logger/log.go:32.16,34.3 1 0
github.com/rlc4u/health-check/pkg/logger/log.go:38.23,40.2 1 0
github.com/rlc4u/health-check/pkg/logger/log.go:42.24,44.2 1 0
github.com/rlc4u/health-check/pkg/config/config.go:17.26,23.16 6 0
github.com/rlc4u/health-check/pkg/config/config.go:26.2,26.47 1 0
github.com/rlc4u/health-check/pkg/config/config.go:29.2,29.13 1 0
github.com/rlc4u/health-check/pkg/config/config.go:23.16,25.3 1 0
github.com/rlc4u/health-check/pkg/config/config.go:26.47,28.3 1 0
github.com/rlc4u/health-check/internal/model/query.go:18.67,20.12 2 0
github.com/rlc4u/health-check/internal/model/query.go:23.2,24.16 2 0
github.com/rlc4u/health-check/internal/model/query.go:28.2,30.12 2 0
github.com/rlc4u/health-check/internal/model/query.go:20.12,22.3 1 0
github.com/rlc4u/health-check/internal/model/query.go:24.16,26.3 1 0
github.com/rlc4u/health-check/internal/model/query.go:18.67,20.12 2 0
github.com/rlc4u/health-check/internal/model/query.go:23.2,24.16 2 0
github.com/rlc4u/health-check/internal/model/query.go:28.2,30.12 2 0
github.com/rlc4u/health-check/internal/model/query.go:20.12,22.3 1 0
github.com/rlc4u/health-check/internal/model/query.go:24.16,26.3 1 0
github.com/rlc4u/health-check/pkg/logger/log.go:16.42,18.2 1 0
github.com/rlc4u/health-check/pkg/logger/log.go:20.40,22.2 1 4
github.com/rlc4u/health-check/pkg/logger/log.go:24.28,27.2 2 4
github.com/rlc4u/health-check/pkg/logger/log.go:29.49,32.16 3 0
github.com/rlc4u/health-check/pkg/logger/log.go:35.2,35.31 1 0
github.com/rlc4u/health-check/pkg/logger/log.go:32.16,34.3 1 0
github.com/rlc4u/health-check/pkg/logger/log.go:38.23,40.2 1 4
github.com/rlc4u/health-check/pkg/logger/log.go:42.24,44.2 1 0
github.com/rlc4u/health-check/pkg/config/config.go:17.26,23.16 6 0
github.com/rlc4u/health-check/pkg/config/config.go:26.2,26.47 1 0
github.com/rlc4u/health-check/pkg/config/config.go:29.2,29.13 1 0
github.com/rlc4u/health-check/pkg/config/config.go:23.16,25.3 1 0
github.com/rlc4u/health-check/pkg/config/config.go:26.47,28.3 1 0
github.com/rlc4u/health-check/internal/service/health.go:18.61,22.2 1 1
github.com/rlc4u/health-check/internal/service/health.go:28.86,35.32 5 1
github.com/rlc4u/health-check/internal/service/health.go:56.2,57.16 2 1
github.com/rlc4u/health-check/internal/service/health.go:35.32,36.24 1 2
github.com/rlc4u/health-check/internal/service/health.go:36.24,41.18 5 2
github.com/rlc4u/health-check/internal/service/health.go:41.18,43.5 1 0
github.com/rlc4u/health-check/internal/service/health.go:43.10,46.19 3 2
github.com/rlc4u/health-check/internal/service/health.go:46.19,51.6 1 2
github.com/rlc4u/health-check/internal/service/health.go:60.62,64.28 3 1
github.com/rlc4u/health-check/internal/service/health.go:67.2,68.22 2 1
github.com/rlc4u/health-check/internal/service/health.go:64.28,66.3 1 2
github.com/rlc4u/health-check/internal/model/model.go:25.60,30.2 1 1
github.com/rlc4u/health-check/pkg/client/client.go:17.29,25.2 2 0
github.com/rlc4u/health-check/pkg/client/client.go:27.66,29.16 2 0
github.com/rlc4u/health-check/pkg/client/client.go:33.2,35.16 3 0
github.com/rlc4u/health-check/pkg/client/client.go:39.2,39.23 1 0
github.com/rlc4u/health-check/pkg/client/client.go:29.16,31.3 1 0
github.com/rlc4u/health-check/pkg/client/client.go:35.16,37.3 1 0
github.com/rlc4u/health-check/internal/controller/health_controller.go:18.76,22.2 1 0
github.com/rlc4u/health-check/internal/controller/health_controller.go:34.60,38.48 4 0
github.com/rlc4u/health-check/internal/controller/health_controller.go:43.2,46.16 3 0
github.com/rlc4u/health-check/internal/controller/health_controller.go:50.2,50.29 1 0
github.com/rlc4u/health-check/internal/controller/health_controller.go:38.48,41.3 2 0
github.com/rlc4u/health-check/internal/controller/health_controller.go:46.16,48.3 1 0
github.com/rlc4u/health-check/internal/router/router.go:15.32,22.35 6 0
github.com/rlc4u/health-check/internal/router/router.go:29.2,35.10 5 0
github.com/rlc4u/health-check/internal/router/router.go:22.35,27.3 1 0
